<?xml version="1.0" encoding="UTF-8"?>
<!-- Generated by org.testng.reporters.JUnitXMLReporter -->
<testsuite ignored="0" hostname="Thamizh" failures="0" tests="1" name="Test" time="0.145" errors="0" timestamp="2022-10-29T16:12:03 IST">
  <testcase classname="bingsearch.bingtest" name="@BeforeTest driversetup" time="0.069">
    <failure type="java.lang.IllegalStateException" message="The driver executable must exist: C:\home\ubuntu\chromedriver">
      <![CDATA[java.lang.IllegalStateException: The driver executable must exist: C:\home\ubuntu\chromedriver
at org.openqa.selenium.internal.Require$FileStateChecker.isFile(Require.java:342)
at org.openqa.selenium.remote.service.DriverService.checkExecutable(DriverService.java:147)
at org.openqa.selenium.remote.service.DriverService.findExecutable(DriverService.java:142)
at org.openqa.selenium.chrome.ChromeDriverService.access$000(ChromeDriverService.java:39)
at org.openqa.selenium.chrome.ChromeDriverService$Builder.findDefaultExecutable(ChromeDriverService.java:233)
at org.openqa.selenium.remote.service.DriverService$Builder.build(DriverService.java:437)
at org.openqa.selenium.chrome.ChromeDriverService.createServiceWithConfig(ChromeDriverService.java:142)
at org.openqa.selenium.chrome.ChromeDriver.<init>(ChromeDriver.java:70)
at bingsearch.bingtest.driversetup(bingtest.java:25)
... Removed 22 stack frames]]>
    </failure>
  </testcase> <!-- @BeforeTest driversetup -->
  <testcase classname="bingsearch.bingtest" name="testcase" time="0.0">
    <skipped/>
  </testcase> <!-- testcase -->
</testsuite> <!-- Test -->
